<?xml version="1.0" encoding="UTF-8"?>
<!-- Generated by org.testng.reporters.JUnitReportReporter -->
<testsuite hostname="DESKTOP-ALPJP0F" failures="0" tests="4" name="com.mystore.testcases.IndexPageTest" time="368.841" errors="0" timestamp="2022-04-27T23:35:12 IST" skipped="0">
  <testcase classname="com.mystore.testcases.IndexPageTest" name="verifyLogo" time="14.509"/>
  <system-out/>
  <testcase classname="com.mystore.testcases.IndexPageTest" name="verifyTitle" time="110.935"/>
  <system-out/>
  <testcase classname="com.mystore.testcases.IndexPageTest" name="verifyTitle" time="103.762"/>
  <system-out/>
  <testcase classname="com.mystore.testcases.IndexPageTest" name="verifyLogo" time="139.635"/>
  <system-out/>
</testsuite> <!-- com.mystore.testcases.IndexPageTest -->
