<?xml version="1.0" encoding="UTF-8"?>
<!-- Generated by org.testng.reporters.JUnitReportReporter -->
<testsuite hostname="DESKTOP-ALPJP0F" failures="0" tests="1" name="com.mystore.testcases.SearchResultPageTest" time="29.028" errors="0" timestamp="2022-04-26T16:56:14 IST" skipped="0">
  <testcase classname="com.mystore.testcases.SearchResultPageTest" name="productAvailibilityTest" time="29.028"/>
  <system-out/>
</testsuite> <!-- com.mystore.testcases.SearchResultPageTest -->
