<?xml version="1.0" encoding="UTF-8"?>
<!-- Generated by org.testng.reporters.JUnitReportReporter -->
<testsuite hostname="DESKTOP-ALPJP0F" failures="0" tests="1" name="com.mystore.testcases.AccountCreationTest" time="21.980" errors="0" timestamp="2022-04-28T13:18:49 IST" skipped="0">
  <testcase classname="com.mystore.testcases.AccountCreationTest" name="verifyCreateAccountPageTest" time="21.980"/>
  <system-out/>
</testsuite> <!-- com.mystore.testcases.AccountCreationTest -->
