<?xml version="1.0" encoding="UTF-8"?>
<!-- Generated by org.testng.reporters.JUnitReportReporter -->
<testsuite hostname="DESKTOP-ALPJP0F" failures="0" tests="1" name="com.mystore.testcases.LoginPageTest" time="33.355" errors="0" timestamp="2022-04-17T20:44:36 IST" skipped="0">
  <testcase classname="com.mystore.testcases.LoginPageTest" name="loginTest" time="33.355"/>
  <system-out/>
</testsuite> <!-- com.mystore.testcases.LoginPageTest -->
