<?xml version="1.0" encoding="UTF-8"?>
<!-- Generated by org.testng.reporters.JUnitReportReporter -->
<testsuite hostname="DESKTOP-ALPJP0F" failures="0" tests="1" name="com.mystore.testcases.OrderPageTest" time="35.636" errors="0" timestamp="2022-04-21T00:11:08 IST" skipped="0">
  <testcase classname="com.mystore.testcases.OrderPageTest" name="verifyTotalPrice" time="35.636"/>
  <system-out/>
</testsuite> <!-- com.mystore.testcases.OrderPageTest -->
