<?xml version="1.0" encoding="UTF-8"?>
<!-- Generated by org.testng.reporters.JUnitReportReporter -->
<testsuite hostname="DESKTOP-ALPJP0F" failures="0" tests="1" name="com.mystore.testcases.EndToEndTest" time="51.334" errors="0" timestamp="2022-04-21T00:39:14 IST" skipped="0">
  <testcase classname="com.mystore.testcases.EndToEndTest" name="endToEndTest" time="51.334"/>
  <system-out/>
</testsuite> <!-- com.mystore.testcases.EndToEndTest -->
