<?xml version="1.0" encoding="UTF-8"?>
<!-- Generated by org.testng.reporters.JUnitReportReporter -->
<testsuite hostname="DESKTOP-ALPJP0F" failures="0" tests="1" name="com.mystore.testcases.AccountCreationTest" time="17.347" errors="0" timestamp="2022-04-19T13:23:47 IST" skipped="0">
  <testcase classname="com.mystore.testcases.AccountCreationTest" name="verifyCreateAccountPageTest" time="17.347"/>
  <system-out/>
</testsuite> <!-- com.mystore.testcases.AccountCreationTest -->
