<?xml version="1.0" encoding="UTF-8"?>
<!-- Generated by org.testng.reporters.JUnitReportReporter -->
<testsuite hostname="DESKTOP-ALPJP0F" failures="0" tests="1" name="com.mystore.testcases.SearchResultPageTest" time="39.174" errors="0" timestamp="2022-04-19T17:54:10 IST" skipped="0">
  <testcase classname="com.mystore.testcases.SearchResultPageTest" name="productAvailibilityTest" time="39.174"/>
  <system-out/>
</testsuite> <!-- com.mystore.testcases.SearchResultPageTest -->
