<?xml version="1.0" encoding="UTF-8"?>
<!-- Generated by org.testng.reporters.JUnitReportReporter -->
<testsuite hostname="DESKTOP-ALPJP0F" failures="0" tests="2" name="com.mystore.testcases.IndexPageTest" time="21.804" errors="0" timestamp="2022-04-17T20:18:28 IST" skipped="0">
  <testcase classname="com.mystore.testcases.IndexPageTest" name="verifyTitle" time="10.502"/>
  <system-out/>
  <testcase classname="com.mystore.testcases.IndexPageTest" name="verifyLogo" time="11.302"/>
  <system-out/>
</testsuite> <!-- com.mystore.testcases.IndexPageTest -->
