<?xml version="1.0" encoding="UTF-8"?>
<!-- Generated by org.testng.reporters.JUnitReportReporter -->
<testsuite hostname="DESKTOP-ALPJP0F" failures="0" tests="1" name="com.mystore.testcases.HomePageTest" time="40.169" errors="0" timestamp="2022-04-19T13:11:06 IST" skipped="0">
  <testcase classname="com.mystore.testcases.HomePageTest" name="wishListTest" time="40.169"/>
  <system-out/>
</testsuite> <!-- com.mystore.testcases.HomePageTest -->
