<?xml version="1.0" encoding="UTF-8"?>
<!-- Generated by org.testng.reporters.JUnitReportReporter -->
<testsuite hostname="DESKTOP-ALPJP0F" failures="0" tests="2" name="com.mystore.testcases.HomePageTest" time="65.727" errors="0" timestamp="2022-04-26T16:56:14 IST" skipped="0">
  <testcase classname="com.mystore.testcases.HomePageTest" name="OrderHistoryandDetailsTest" time="35.651"/>
  <system-out/>
  <testcase classname="com.mystore.testcases.HomePageTest" name="wishListTest" time="30.076"/>
  <system-out/>
</testsuite> <!-- com.mystore.testcases.HomePageTest -->
